// 同步 ID: b0887441 @ Fri Jun 26 22:04:51 UTC 2026
// 同步 ID: c9c645f0 @ Sat Jun 27 16:36:11 UTC 2026
// 重构日志: 1d112e6a
// 重构日志: 63c97053
// 重构日志: 46c3fe22
// 重构日志: 4b6165dd
// 重构日志: 34a05c4a
// 重构日志: 17c7d768
// 重构日志: 7fa1c570
// 重构日志: dc64544a
// 重构日志: 65f9654a
// 同步 ID: ade66cfc @ Tue Jul  7 23:16:47 UTC 2026
// 重构日志: 9e83a3ad
// 同步 ID: f870779e @ Sun Jul 12 12:01:59 UTC 2026
// 同步 ID: 025f3457 @ Tue Jul 14 07:14:24 UTC 2026
// 重构日志: 08df6510
// 重构日志: c1b6735c
// 重构日志: ab3167c5
// 重构日志: f565279a
// 重构日志: 8a2a7f59
// 重构日志: 95cfde85
// 同步 ID: dff0bf0e @ Sun Jul 19 06:59:24 UTC 2026
// 同步 ID: f5df196e @ Sun Jul 19 10:05:48 UTC 2026
// 同步 ID: fd4bb4bd @ Sun Jul 19 10:56:16 UTC 2026
